<?xml version="1.0" encoding="UTF-8"?>
<!-- Generated by org.testng.reporters.JUnitReportReporter -->
<testsuite hostname="DELL-Q745O1RLP8" failures="0" tests="1" name="asbankingv1.testcases.Tc_test_001" time="20.408" errors="0" timestamp="2022-10-19T15:25:29 IST" skipped="0">
  <testcase classname="asbankingv1.testcases.Tc_test_001" name="login" time="20.408"/>
  <system-out/>
</testsuite> <!-- asbankingv1.testcases.Tc_test_001 -->
